[2025-02-22 16:14:09,240] launcher  INFO    SCOOP 0.7 2.0 on darwin using Python 3.12.4 | packaged by Anaconda, Inc. | (main, Jun 18 2024, 10:07:17) [Clang 14.0.6 ], API: 1013
[2025-02-22 16:14:09,240] launcher  INFO    Deploying 7 worker(s) over 1 host(s).
[2025-02-22 16:14:09,240] launcher  INFO    Worker distribution: 
[2025-02-22 16:14:09,240] launcher  INFO       127.0.0.1:	6 + origin
Launching 7 worker(s) using /bin/zsh.
[2025-02-22 16:24:11,042] brokerzmq (127.0.0.1:50865) ERROR   Could not unpickle status update message.
[2025-02-22 16:28:20,912] brokerzmq (127.0.0.1:50865) ERROR   Could not unpickle status update message.

Fidelity WITHOUT optimization for BernsteinVazirani_4Q_No_Opt: 0.2491
Method 'evaluate' successfully registered in the toolbox.
gen	nevals	avg     	std       	min     	max     	diversity
0  	100   	0.249958	0.00741621	0.244938	0.293643	2.62398  
1  	66    	0.254053	0.0140874 	0.245357	0.302654	3.91839  
2  	77    	0.267159	0.0317188 	0.245781	0.427019	4.43653  
3  	52    	0.279674	0.0330391 	0.247652	0.424376	4.3411   
4  	54    	0.302709	0.0476951 	0.247833	0.509903	3.86332  
5  	71    	0.338677	0.0770532 	0.25086 	0.51732 	4.13761  
6  	54    	0.382293	0.0919278 	0.246974	0.517886	4.35581  
7  	56    	0.435533	0.0687092 	0.25547 	0.560944	4.26585  
8  	67    	0.452992	0.0677968 	0.249115	0.560944	4.50879  
9  	69    	0.455595	0.0742476 	0.248154	0.560944	4.45337  
10 	53    	0.462759	0.0673487 	0.250926	0.560944	4.43972  
11 	57    	0.463942	0.0665946 	0.247491	0.560944	4.53057  
12 	55    	0.475499	0.0609485 	0.247207	0.560944	4.63574  
13 	66    	0.468956	0.0726754 	0.248711	0.560944	4.52305  
14 	62    	0.477798	0.0609247 	0.259374	0.560944	4.3694   
15 	59    	0.478274	0.0604869 	0.250582	0.560944	4.0763   
16 	58    	0.479497	0.0673854 	0.248818	0.567644	3.771    
17 	58    	0.468006	0.0808153 	0.242393	0.567644	4.15531  
18 	63    	0.465152	0.0771617 	0.24861 	0.567644	4.34134  
19 	51    	0.48086 	0.0712198 	0.253915	0.567644	4.28006  
Improvement 0.0253 >= threshold => Decrease mutation/crossover.
20 	47    	0.492483	0.0671946 	0.301627	0.567644	3.85257  
21 	61    	0.463661	0.0890425 	0.246819	0.567644	3.84943  
22 	59    	0.472245	0.0820837 	0.212116	0.567644	3.18546  
23 	55    	0.461909	0.0848419 	0.248694	0.567644	3.622    
24 	43    	0.481954	0.0751012 	0.248115	0.567644	3.4386   
25 	56    	0.466802	0.0910222 	0.247727	0.567644	3.64571  
26 	52    	0.486008	0.0778098 	0.249052	0.567644	3.17741  
27 	44    	0.487055	0.0833793 	0.236274	0.567644	2.92647  
28 	57    	0.489228	0.0801102 	0.241157	0.567644	3.00681  
29 	52    	0.48337 	0.0865231 	0.244558	0.567644	2.03555  
Improvement 0.0025 < threshold => Increase mutation/crossover.
30 	65    	0.473744	0.0793692 	0.250395	0.567644	3.61522  
31 	44    	0.49862 	0.0695817 	0.315039	0.567644	3.07232  
32 	48    	0.491145	0.0809362 	0.250102	0.567644	3.3333   
33 	61    	0.477558	0.0798515 	0.248729	0.567644	3.00451  
34 	54    	0.487503	0.079816  	0.250032	0.567644	3.07434  
35 	71    	0.463636	0.0777283 	0.246427	0.567644	2.72081  
36 	55    	0.469284	0.0658575 	0.262678	0.567644	3.21234  
37 	61    	0.462512	0.07315   	0.248896	0.567644	3.78648  
38 	57    	0.464368	0.0720893 	0.248953	0.567644	3.23989  
39 	54    	0.466206	0.0833414 	0.247768	0.567644	3.36237  
Improvement -0.0172 < threshold => Increase mutation/crossover.
40 	75    	0.45349 	0.0692419 	0.239483	0.567644	3.8698   
41 	66    	0.453248	0.0778132 	0.254985	0.567644	3.45664  
42 	70    	0.452043	0.074809  	0.249065	0.567644	3.60267  
43 	70    	0.454212	0.0756124 	0.249641	0.567644	3.58011  
44 	67    	0.453981	0.0737361 	0.248888	0.567644	4.17586  
45 	70    	0.447795	0.0731869 	0.196548	0.567644	4.21184  
46 	64    	0.443718	0.0839223 	0.248576	0.567644	4.34287  
No improvement in the last 15 generations. Stopping early.

Best individual for BernsteinVazirani_4Q_With_Opt: {'SNOT': {'num_tslots': 2, 'evo_time': 0.14847152827794424}, 'X': {'num_tslots': 8, 'evo_time': 0.2150293401024168}, 'CNOT': {'num_tslots': 6, 'evo_time': 0.5612906189734159}, 'SWAP': {'num_tslots': 8, 'evo_time': 1.08887837948981}, 'CPHASE': {'num_tslots': 1, 'evo_time': 1.2367986507208728}, 'RZ': {'num_tslots': 7, 'evo_time': 2.9021531507740894}, 'GLOBALPHASE': {'num_tslots': 8, 'evo_time': 2.343495590668976}}
Fidelity (best_individual): 0.4986

Total experiment time: 861.35 seconds

Fidelity comparison plot saved at output_circuits/BernsteinVazirani_4Q_2025-02-22_16-14-10/BernsteinVazirani_4Q_fidelities_comparison.jpg
[2025-02-22 16:28:32,182] launcher  (127.0.0.1:50865) INFO    Root process is done.
[2025-02-22 16:28:32,182] launcher  (127.0.0.1:50865) INFO    Finished cleaning spawned subprocesses.
