[2025-02-22 15:37:19,129] launcher  INFO    SCOOP 0.7 2.0 on darwin using Python 3.12.4 | packaged by Anaconda, Inc. | (main, Jun 18 2024, 10:07:17) [Clang 14.0.6 ], API: 1013
[2025-02-22 15:37:19,129] launcher  INFO    Deploying 7 worker(s) over 1 host(s).
[2025-02-22 15:37:19,129] launcher  INFO    Worker distribution: 
[2025-02-22 15:37:19,129] launcher  INFO       127.0.0.1:	6 + origin
Launching 7 worker(s) using /bin/zsh.
[2025-02-22 15:53:39,215] scoopzmq  (b'127.0.0.1:64360') WARNING Lost track of future (b'127.0.0.1:64360', 2927):evaluate({'SNOT': {'num_tslots': 6, 'evo_time': 2.969257159941421}, 'X': {'num_tslots': 4, 'evo_time': 0.11837415924052563}, 'CNOT': {'num_tslots': 9, 'evo_time': 0.22989364062141687}, 'SWAP': {'num_tslots': 14, 'evo_time': 1.0060228296084677}, 'CPHASE': {'num_tslots': 4, 'evo_time': 0.35697285331360873}, 'RZ': {'num_tslots': 4, 'evo_time': 2.826981133514121}, 'GLOBALPHASE': {'num_tslots': 3, 'evo_time': 2.9668193750621534}},){}=None. Resending it...
[2025-02-22 15:53:46,432] _types    (b'127.0.0.1:64360') WARNING b'127.0.0.1:64360': Received an unexpected future: (b'127.0.0.1:64360', 2927)

Fidelity WITHOUT optimization for BernsteinVazirani_4Q_No_Opt: 0.2650
Method 'evaluate' successfully registered in the toolbox.
gen	nevals	avg     	std       	min     	max    	diversity
0  	100   	0.254639	0.00798703	0.238695	0.27505	2.58817  
1  	70    	0.260287	0.0108489 	0.240066	0.296139	3.99565  
2  	62    	0.264595	0.0204012 	0.237345	0.382896	4.21932  
3  	60    	0.280875	0.0456994 	0.220126	0.447761	4.23498  
4  	63    	0.310649	0.065065  	0.221596	0.467455	4.37788  
5  	60    	0.362391	0.0708018 	0.21488 	0.508768	4.60399  
6  	61    	0.382786	0.0800912 	0.209294	0.582605	4.38136  
7  	64    	0.402107	0.0974907 	0.212914	0.614464	4.63153  
8  	65    	0.431524	0.109821  	0.198784	0.614464	4.66149  
9  	66    	0.467422	0.108105  	0.218384	0.649381	4.72335  
10 	62    	0.503424	0.117376  	0.208943	0.649381	4.36404  
11 	59    	0.528979	0.109534  	0.210662	0.649381	4.36194  
12 	64    	0.550509	0.0994174 	0.252059	0.649381	4.47244  
13 	66    	0.555875	0.0983157 	0.209433	0.649381	4.23452  
14 	65    	0.547837	0.109278  	0.211773	0.649381	4.41288  
15 	60    	0.551496	0.0916585 	0.275891	0.649381	4.4136   
16 	56    	0.558815	0.10359   	0.171896	0.649381	4.37968  
17 	61    	0.557011	0.101697  	0.203547	0.722923	4.31808  
18 	63    	0.555777	0.121208  	0.144047	0.722923	4.44111  
19 	63    	0.566149	0.0938826 	0.296558	0.722923	4.30536  
Improvement 0.0987 >= threshold => Decrease mutation/crossover.
20 	55    	0.590449	0.0917978 	0.202564	0.722923	4.25002  
21 	39    	0.61127 	0.0790607 	0.258398	0.722923	4.0809   
22 	48    	0.616621	0.0885803 	0.223949	0.722923	4.11724  
23 	54    	0.606552	0.0920804 	0.237152	0.722923	3.72299  
24 	66    	0.58146 	0.101125  	0.25647 	0.722923	4.13573  
25 	51    	0.585953	0.0997167 	0.25781 	0.722923	4.35668  
26 	67    	0.590142	0.0958964 	0.31082 	0.722923	4.0831   
27 	44    	0.618561	0.0901027 	0.220513	0.722923	4.22474  
28 	48    	0.625941	0.0919014 	0.269273	0.722923	3.89205  
29 	68    	0.601366	0.104135  	0.244072	0.722923	3.59137  
Improvement 0.0352 >= threshold => Decrease mutation/crossover.
30 	40    	0.638839	0.0848189 	0.247885	0.722923	3.18577  
31 	42    	0.641973	0.0930581 	0.252143	0.722923	3.1611   
32 	44    	0.638706	0.097715  	0.337788	0.722923	1.79376  
Diversity 1.7938 < threshold 1.8.
Applied mutation to entire population for diversity.
Re-evaluated fitness for affected individuals after diversity action.
33 	55    	0.587107	0.058296  	0.311791	0.652549	4.9719   
34 	52    	0.575467	0.0844411 	0.252188	0.702783	4.65489  
35 	41    	0.606629	0.0651166 	0.261799	0.702783	4.33873  
36 	49    	0.605132	0.0832305 	0.259357	0.702783	4.61776  
37 	31    	0.624983	0.0604888 	0.31516 	0.702783	4.53256  
38 	40    	0.626742	0.0715194 	0.279396	0.702783	4.47766  
39 	38    	0.632978	0.069007  	0.30018 	0.702783	4.03758  
Improvement 0.0316 >= threshold => Decrease mutation/crossover.
40 	46    	0.619794	0.0836419 	0.266273	0.702783	3.88036  
41 	44    	0.623612	0.0928759 	0.212033	0.702783	3.64723  
42 	37    	0.636473	0.0815173 	0.256554	0.702783	3.10478  
43 	44    	0.625039	0.0946598 	0.256431	0.702783	2.86745  
44 	40    	0.633927	0.0898594 	0.257242	0.702783	2.65515  
45 	41    	0.641736	0.0788899 	0.225554	0.702783	3.02581  
46 	32    	0.661705	0.0597391 	0.408728	0.702783	2.0871   
47 	41    	0.644217	0.0915647 	0.249287	0.702783	1.26143  
Diversity 1.2614 < threshold 1.8.
Applied mutation to entire population for diversity.
Re-evaluated fitness for affected individuals after diversity action.
48 	48    	0.589238	0.0715555 	0.258912	0.684104	4.811    
49 	47    	0.586717	0.0930722 	0.206229	0.684104	4.55188  
Improvement -0.0463 < threshold => Increase mutation/crossover.
50 	48    	0.60489 	0.0595665 	0.250038	0.684104	4.57599  
51 	57    	0.593131	0.0835011 	0.252503	0.684104	4.71327  
52 	32    	0.616855	0.0604594 	0.317972	0.684104	4.36288  
53 	39    	0.604453	0.101219  	0.249055	0.684104	4.18378  
54 	46    	0.6262  	0.0763332 	0.22864 	0.684104	3.3188   
55 	57    	0.630557	0.0635464 	0.340838	0.69777 	3.10786  
56 	47    	0.625937	0.0813901 	0.290689	0.69777 	3.43817  
57 	47    	0.627159	0.0838969 	0.210034	0.69777 	2.82765  
58 	52    	0.626131	0.0960308 	0.232315	0.69777 	3.54605  
59 	32    	0.650524	0.055377  	0.424224	0.69777 	2.05404  
Improvement 0.0638 >= threshold => Decrease mutation/crossover.
60 	41    	0.647245	0.0635957 	0.353114	0.69777 	1.74481  
Diversity 1.7448 < threshold 1.8.
Applied mutation to entire population for diversity.
Re-evaluated fitness for affected individuals after diversity action.
61 	31    	0.594427	0.0805984 	0.243287	0.696805	4.92191  
62 	35    	0.613409	0.0783165 	0.271987	0.715085	4.46126  
63 	35    	0.635073	0.0526902 	0.425715	0.715085	3.98576  
64 	48    	0.630125	0.0742013 	0.245877	0.715085	4.16406  
65 	28    	0.653405	0.0606729 	0.366629	0.715085	3.28957  
66 	46    	0.638977	0.0855862 	0.247844	0.715085	3.1834   
67 	35    	0.656739	0.0792091 	0.205738	0.715085	3.02951  
68 	49    	0.642705	0.0903692 	0.246996	0.715085	2.95127  
69 	39    	0.641898	0.0996403 	0.241963	0.715085	2.70613  
Improvement -0.0086 < threshold => Increase mutation/crossover.
70 	46    	0.648956	0.0891516 	0.267688	0.715085	3.12256  
71 	54    	0.638831	0.0879759 	0.311543	0.715085	2.64262  
72 	39    	0.650484	0.0964213 	0.243875	0.715085	2.46629  
73 	49    	0.628075	0.112349  	0.250002	0.715085	2.916    
No improvement in the last 15 generations. Stopping early.

Best individual for BernsteinVazirani_4Q_With_Opt: {'SNOT': {'num_tslots': 2, 'evo_time': 0.1889538367279872}, 'X': {'num_tslots': 3, 'evo_time': 0.11441992988644628}, 'CNOT': {'num_tslots': 9, 'evo_time': 0.22989364062141687}, 'SWAP': {'num_tslots': 2, 'evo_time': 2.279206323573164}, 'CPHASE': {'num_tslots': 9, 'evo_time': 3.901524270823482}, 'RZ': {'num_tslots': 4, 'evo_time': 2.826981133514121}, 'GLOBALPHASE': {'num_tslots': 3, 'evo_time': 2.9668193750621534}}
Fidelity (best_individual): 0.6617

Total experiment time: 1203.84 seconds

Fidelity comparison plot saved at output_circuits/BernsteinVazirani_4Q_2025-02-22_15-37-20/BernsteinVazirani_4Q_fidelities_comparison.jpg
[2025-02-22 15:57:24,583] launcher  (127.0.0.1:50760) INFO    Root process is done.
[2025-02-22 15:57:24,584] launcher  (127.0.0.1:50760) INFO    Finished cleaning spawned subprocesses.
