[2025-02-22 15:57:24,691] launcher  INFO    SCOOP 0.7 2.0 on darwin using Python 3.12.4 | packaged by Anaconda, Inc. | (main, Jun 18 2024, 10:07:17) [Clang 14.0.6 ], API: 1013
[2025-02-22 15:57:24,691] launcher  INFO    Deploying 7 worker(s) over 1 host(s).
[2025-02-22 15:57:24,691] launcher  INFO    Worker distribution: 
[2025-02-22 15:57:24,691] launcher  INFO       127.0.0.1:	6 + origin
Launching 7 worker(s) using /bin/zsh.
[2025-02-22 16:09:06,275] brokerzmq (127.0.0.1:50820) ERROR   Could not unpickle status update message.

Fidelity WITHOUT optimization for BernsteinVazirani_4Q_No_Opt: 0.3007
Method 'evaluate' successfully registered in the toolbox.
gen	nevals	avg     	std      	min     	max     	diversity
0  	100   	0.292364	0.0145725	0.251263	0.328405	2.16633  
1  	62    	0.297439	0.0152647	0.248319	0.328405	3.60772  
2  	63    	0.303271	0.0192223	0.246634	0.33765 	4.31014  
3  	63    	0.310229	0.017731 	0.24959 	0.357553	4.27571  
4  	67    	0.313437	0.019633 	0.248386	0.368281	4.40206  
5  	70    	0.323505	0.0423443	0.251399	0.574354	4.6348   
6  	63    	0.340559	0.0624098	0.264022	0.574354	4.74939  
7  	56    	0.380725	0.0842343	0.188615	0.582194	4.68057  
8  	60    	0.447826	0.0965418	0.267403	0.582194	4.31014  
9  	60    	0.512483	0.0913463	0.25127 	0.582194	4.65279  
10 	58    	0.567018	0.0301029	0.394206	0.587931	4.02378  
11 	59    	0.568765	0.0387901	0.267051	0.606617	3.85882  
12 	60    	0.557996	0.0654631	0.247091	0.606617	4.09461  
13 	47    	0.564365	0.0553357	0.258035	0.606617	4.14184  
14 	59    	0.557803	0.0712713	0.249101	0.606617	4.16982  
15 	56    	0.563606	0.0603275	0.251307	0.606617	4.23228  
16 	57    	0.562561	0.0669077	0.250479	0.606617	4.2865   
17 	44    	0.564556	0.0645396	0.249188	0.606617	4.07854  
18 	56    	0.564006	0.0673687	0.255836	0.606617	4.21637  
19 	59    	0.570021	0.0470091	0.31119 	0.606617	4.03771  
Improvement 0.0575 >= threshold => Decrease mutation/crossover.
20 	53    	0.569087	0.0492127	0.337859	0.606617	3.6396   
21 	49    	0.575837	0.0514776	0.246827	0.606617	3.81975  
22 	56    	0.574741	0.0472888	0.313107	0.606617	2.91075  
23 	55    	0.575329	0.0437465	0.320011	0.606617	3.65196  
24 	56    	0.568148	0.0660766	0.257926	0.606617	3.08383  
25 	53    	0.577786	0.0462423	0.26313 	0.630017	3.42292  
26 	53    	0.569023	0.0685563	0.25123 	0.630017	3.35133  
27 	45    	0.576944	0.0584001	0.251544	0.630017	3.12398  
28 	46    	0.580159	0.0649478	0.182417	0.630017	2.9329   
29 	53    	0.579544	0.0623423	0.246805	0.630017	2.54131  
Improvement 0.0095 < threshold => Increase mutation/crossover.
30 	48    	0.585947	0.0593017	0.255864	0.630017	2.8711   
31 	70    	0.568274	0.0654169	0.309641	0.630017	3.41269  
32 	48    	0.56902 	0.0844801	0.223884	0.632601	3.34925  
33 	54    	0.585882	0.0520777	0.300666	0.632601	3.37436  
34 	62    	0.571005	0.0729937	0.248946	0.632601	3.42558  
35 	59    	0.579761	0.0523027	0.260436	0.632601	3.17873  
36 	70    	0.561074	0.0776908	0.254004	0.632601	3.70764  
37 	61    	0.556263	0.0813184	0.248446	0.632601	3.71892  
38 	66    	0.569083	0.0516637	0.256416	0.632601	3.92295  
39 	48    	0.575718	0.0490836	0.255809	0.632601	4.2408   
Improvement -0.0038 < threshold => Increase mutation/crossover.
40 	64    	0.564413	0.0655982	0.262839	0.632601	4.28209  
41 	69    	0.569882	0.0577143	0.271732	0.632601	4.38484  
42 	77    	0.56339 	0.0738431	0.247806	0.632601	4.55827  
43 	65    	0.574527	0.0516029	0.281309	0.632601	4.67178  
No improvement in the last 15 generations. Stopping early.

Best individual for BernsteinVazirani_4Q_With_Opt: {'SNOT': {'num_tslots': 4, 'evo_time': 0.18644565876328822}, 'X': {'num_tslots': 2, 'evo_time': 0.20668246498501175}, 'CNOT': {'num_tslots': 9, 'evo_time': 0.9015511926780009}, 'SWAP': {'num_tslots': 4, 'evo_time': 1.762567495884944}, 'CPHASE': {'num_tslots': 4, 'evo_time': 1.4157495322479974}, 'RZ': {'num_tslots': 9, 'evo_time': 2.590132838191851}, 'GLOBALPHASE': {'num_tslots': 7, 'evo_time': 1.9844949071732747}}
Fidelity (best_individual): 0.5859

Total experiment time: 1002.85 seconds

Fidelity comparison plot saved at output_circuits/BernsteinVazirani_4Q_2025-02-22_15-57-26/BernsteinVazirani_4Q_fidelities_comparison.jpg
[2025-02-22 16:14:09,136] launcher  (127.0.0.1:50820) INFO    Root process is done.
[2025-02-22 16:14:09,136] launcher  (127.0.0.1:50820) INFO    Finished cleaning spawned subprocesses.
