
Fidelity WITHOUT optimization for DeutschJozsa_4Q_No_Opt: 0.2536
Method 'evaluate' successfully registered in the toolbox.
gen	nevals	avg     	std      	min     	max     	diversity
0  	50    	0.260202	0.0066386	0.238941	0.273618	2.21222  
1  	34    	0.261695	0.00570332	0.25184 	0.273618	2.69257  
2  	28    	0.263074	0.00606442	0.247836	0.273618	2.97698  
3  	22    	0.265026	0.00536933	0.249969	0.273618	2.84457  
4  	33    	0.263799	0.00637836	0.247848	0.273618	2.88039  
5  	32    	0.265184	0.00598274	0.248558	0.273618	2.76965  
6  	21    	0.266304	0.00696622	0.241971	0.273851	2.91108  
7  	32    	0.266036	0.00672281	0.25033 	0.273851	2.82632  
8  	29    	0.265288	0.00698711	0.250442	0.273851	2.68103  
9  	29    	0.266286	0.00725689	0.24601 	0.276093	2.73504  
10 	30    	0.26647 	0.00659308	0.251147	0.276093	2.85622  
11 	29    	0.266593	0.00704068	0.251692	0.276424	2.82219  
12 	33    	0.265252	0.00853164	0.252011	0.28127 	2.79336  
13 	23    	0.269345	0.00825483	0.251552	0.28127 	2.44305  
14 	28    	0.267007	0.00992287	0.237962	0.28127 	2.34683  

Best individual for DeutschJozsa_4Q_With_Opt: {'SNOT': {'num_tslots': 2, 'evo_time': 1.9644356579125066}, 'X': {'num_tslots': 6, 'evo_time': 1.6850223315606163}, 'CNOT': {'num_tslots': 2, 'evo_time': 2.6904345947661574}}
Fidelity (best_individual): 0.2652