
Fidelity WITHOUT optimization for DeutschJozsa_4Q_No_Opt: 0.2614
Method 'evaluate' successfully registered in the toolbox.
gen	nevals	avg     	std       	min     	max     	diversity
0  	50    	0.260576	0.00521091	0.251596	0.272796	2.19169  
1  	31    	0.260992	0.00701263	0.247898	0.279889	2.28543  
2  	30    	0.264715	0.00585003	0.252178	0.279889	2.31298  
3  	32    	0.26543 	0.00664839	0.251347	0.279889	2.82678  
4  	32    	0.265435	0.00702818	0.253775	0.280268	2.96611  
5  	30    	0.264591	0.00868052	0.252025	0.280268	3.06953  
6  	33    	0.265902	0.00871552	0.251302	0.280268	3.07436  
7  	22    	0.268806	0.00779357	0.255494	0.280268	2.99031  
8  	25    	0.269673	0.00855446	0.255235	0.280268	2.8831   
9  	28    	0.268094	0.00977381	0.250569	0.280268	2.86571  
10 	22    	0.272085	0.00796042	0.256303	0.284216	2.43737  
11 	26    	0.269993	0.00992255	0.252819	0.284216	2.20322  
12 	30    	0.268651	0.00977494	0.251613	0.284216	2.67559  
13 	33    	0.268119	0.0098805 	0.248368	0.284216	2.85376  
14 	25    	0.269143	0.0101181 	0.251615	0.284216	2.82991  

Best individual for DeutschJozsa_4Q_With_Opt: {'SNOT': {'num_tslots': 1, 'evo_time': 2.3044605225485175}, 'X': {'num_tslots': 2, 'evo_time': 0.7430380170261395}, 'CNOT': {'num_tslots': 1, 'evo_time': 7.110963045417631}}
Fidelity (best_individual): 0.2562

Fidelity comparison plot saved at output_circuits/DeutschJozsa_4Q_2024-12-31_21-47-44/DeutschJozsa_4Q_fidelities_comparison.jpg
