
Fidelity WITHOUT optimization for Grover_4Q_No_Opt: 0.2474
Method 'evaluate' successfully registered in the toolbox.
gen	nevals	avg     	std       	min     	max   	diversity
0  	50    	0.244511	0.00329193	0.235765	0.2499	1.84809  
1  	29    	0.245554	0.00390826	0.233248	0.2499	2.49141  
2  	28    	0.246179	0.00287941	0.238537	0.2499	2.21645  
3  	19    	0.246827	0.00299292	0.234192	0.250198	2.43914  
4  	31    	0.246065	0.00274367	0.240631	0.2499  	2.5824   
5  	28    	0.246147	0.00431727	0.229852	0.252155	2.27578  
6  	29    	0.246843	0.00402121	0.235044	0.253566	2.33057  
7  	26    	0.246396	0.00420294	0.234121	0.253566	2.66684  
8  	37    	0.245471	0.00441298	0.232256	0.253566	2.93691  
9  	39    	0.245398	0.00352743	0.236965	0.252717	3.08729  
10 	33    	0.246838	0.00352664	0.239429	0.252717	3.00483  
11 	26    	0.247006	0.00392697	0.237513	0.252717	2.99838  
12 	22    	0.248414	0.00451559	0.22751 	0.252717	2.65732  
13 	27    	0.249266	0.00376355	0.241333	0.254995	2.23289  
14 	23    	0.24957 	0.00479838	0.236805	0.257385	2.20812  

Best individual for Grover_4Q_With_Opt: {'SNOT': {'num_tslots': 7, 'evo_time': 0.21447081714985633}, 'X': {'num_tslots': 3, 'evo_time': 0.13722867140559442}, 'CNOT': {'num_tslots': 2, 'evo_time': 6.652865984442321}}
Fidelity (best_individual): 0.2496