
Fidelity WITHOUT optimization for DeutschJozsa_4Q_No_Opt: 0.1654
Method 'evaluate' successfully registered in the toolbox.
gen	nevals	avg     	std      	min     	max     	diversity
0  	50    	0.190588	0.0408173	0.152094	0.304317	1.93254  
1  	39    	0.212757	0.0448757	0.138973	0.304317	2.74205  
2  	32    	0.242878	0.0399103	0.152824	0.304317	3.03697  
3  	25    	0.254543	0.0330644	0.142074	0.304317	3.02212  
4  	26    	0.254366	0.0345219	0.15695 	0.304317	2.83179  
5  	35    	0.24972 	0.0417058	0.157632	0.304317	2.9572   
6  	28    	0.26443 	0.0346013	0.151302	0.304613	3.02175  
7  	23    	0.272867	0.0287813	0.14918 	0.304613	3.11779  
8  	30    	0.273426	0.0370415	0.162959	0.363846	3.0224   
9  	32    	0.269617	0.0456667	0.164926	0.363846	3.01621  
10 	31    	0.274756	0.0486059	0.165583	0.363846	2.88983  
11 	26    	0.290402	0.0416072	0.154692	0.363846	2.52859  
12 	31    	0.288453	0.0498773	0.136841	0.367907	2.45826  
13 	29    	0.296853	0.0460275	0.228125	0.367907	2.00606  
14 	33    	0.299584	0.0470553	0.235246	0.367907	1.90096  

Best individual for DeutschJozsa_4Q_With_Opt: {'SNOT': {'num_tslots': 2, 'evo_time': 0.15019245855109786}, 'X': {'num_tslots': 2, 'evo_time': 0.836997362592238}, 'CNOT': {'num_tslots': 1, 'evo_time': 2.387420779788335}}
Fidelity (best_individual): 0.2795

Fidelity comparison plot saved at output_circuits/DeutschJozsa_4Q_2024-12-31_22-04-38/DeutschJozsa_4Q_fidelities_comparison.jpg
