
Fidelity WITHOUT optimization for Grover_4Q_No_Opt: 0.2436
Method 'evaluate' successfully registered in the toolbox.
gen	nevals	avg     	std       	min     	max     	diversity
0  	50    	0.241186	0.00426464	0.223065	0.248352	1.75581  
1  	27    	0.243411	0.00328501	0.234932	0.24936 	2.13052  
2  	26    	0.244017	0.00341288	0.232184	0.24936 	2.24925  
3  	33    	0.243959	0.00415015	0.234462	0.251024	2.51668  
4  	36    	0.243557	0.00419207	0.23546 	0.251055	2.82085  
5  	29    	0.242964	0.00599485	0.22774 	0.251055	2.79002  
6  	37    	0.243767	0.00417651	0.23283 	0.251055	2.74819  
7  	18    	0.245381	0.00479634	0.233301	0.251055	2.69059  
8  	37    	0.244788	0.00405269	0.233243	0.251055	2.43481  
9  	31    	0.245136	0.00436291	0.234891	0.251055	2.84198  
10 	21    	0.245897	0.00524982	0.232565	0.251055	2.4649   
11 	31    	0.245148	0.00486734	0.232355	0.251055	2.32314  
12 	25    	0.245861	0.00426837	0.237488	0.251055	2.21155  
13 	25    	0.245704	0.00509645	0.235329	0.251055	2.25312  
14 	25    	0.245783	0.00552422	0.22877 	0.251055	2.36977  

Best individual for Grover_4Q_With_Opt: {'SNOT': {'num_tslots': 6, 'evo_time': 1.7857987009911913}, 'X': {'num_tslots': 8, 'evo_time': 0.8631112949236366}, 'CNOT': {'num_tslots': 9, 'evo_time': 1.2341572230144746}}
Fidelity (best_individual): 0.2462

Fidelity comparison plot saved at output_circuits/Grover_4Q_2024-12-31_21-33-31/Grover_4Q_fidelities_comparison.jpg
