
Fidelity WITHOUT optimization for DeutschJozsa_4Q_No_Opt: 0.2883
Method 'evaluate' successfully registered in the toolbox.
gen	nevals	avg     	std      	min     	max     	diversity
0  	50    	0.252991	0.0182791	0.226314	0.315009	2.01111  
1  	30    	0.258088	0.0198599	0.219435	0.315009	2.54971  
2  	29    	0.264099	0.0242635	0.217194	0.315009	2.7512   
3  	31    	0.265111	0.0208147	0.235704	0.315009	2.81803  
4  	28    	0.269057	0.0238559	0.232362	0.315009	2.86119  
5  	28    	0.27058 	0.024241 	0.224943	0.315009	2.77151  
6  	33    	0.268655	0.0245247	0.224663	0.315009	2.66142  
7  	33    	0.266351	0.0229468	0.229194	0.315009	2.78888  
8  	36    	0.265943	0.0244301	0.226618	0.315009	2.79884  
9  	21    	0.268833	0.025415 	0.219698	0.315009	2.87359  
10 	15    	0.279753	0.0281855	0.220287	0.315009	2.8997   
11 	34    	0.273447	0.0289633	0.228063	0.315009	2.56146  
12 	34    	0.261418	0.0229802	0.222372	0.315009	2.75931  
13 	24    	0.272232	0.0248144	0.221367	0.315009	2.7411   
14 	32    	0.269923	0.0284004	0.228831	0.315009	2.59942  

Best individual for DeutschJozsa_4Q_With_Opt: {'SNOT': {'num_tslots': 9, 'evo_time': 0.6731132096237534}, 'X': {'num_tslots': 1, 'evo_time': 1.485244235075815}, 'CNOT': {'num_tslots': 6, 'evo_time': 1.2486085473418562}}
Fidelity (best_individual): 0.2422

Fidelity comparison plot saved at output_circuits/DeutschJozsa_4Q_2024-12-31_21-33-25/DeutschJozsa_4Q_fidelities_comparison.jpg
