
Fidelity WITHOUT optimization for Grover_4Q_No_Opt: 0.2500
Method 'evaluate' successfully registered in the toolbox.
gen	nevals	avg     	std      	min     	max     	diversity
0  	50    	0.246548	0.0044778	0.225387	0.252294	2.15907  
1  	31    	0.247601	0.00301719	0.238568	0.253507	2.37569  
2  	30    	0.247961	0.00462741	0.225964	0.253507	2.55653  
3  	36    	0.247972	0.00374008	0.235286	0.253507	2.89403  
4  	27    	0.248829	0.0032616 	0.240213	0.253507	2.69046  
5  	34    	0.248661	0.00334769	0.236345	0.253507	2.79978  
6  	30    	0.248613	0.00390216	0.234354	0.253507	2.60579  
7  	33    	0.248446	0.00376299	0.233239	0.253507	2.75032  
8  	33    	0.248209	0.00336069	0.2398  	0.253507	2.91037  
9  	31    	0.248226	0.00491741	0.221947	0.253507	2.98652  
10 	35    	0.248027	0.00335365	0.23708 	0.253507	2.40047  
11 	31    	0.248476	0.00342963	0.235058	0.253507	2.60088  
12 	23    	0.248941	0.00334629	0.235111	0.253507	2.57175  
13 	30    	0.248881	0.00303183	0.238678	0.253507	2.43361  
14 	35    	0.248482	0.00305506	0.241113	0.253507	2.28979  

Best individual for Grover_4Q_With_Opt: {'SNOT': {'num_tslots': 6, 'evo_time': 0.1308746776542881}, 'X': {'num_tslots': 4, 'evo_time': 2.8192708782486413}, 'CNOT': {'num_tslots': 14, 'evo_time': 2.7666700187430555}}
Fidelity (best_individual): 0.2476