
Fidelity WITHOUT optimization for Grover_4Q_No_Opt: 0.2461
Method 'evaluate' successfully registered in the toolbox.
gen	nevals	avg     	std      	min     	max     	diversity
0  	50    	0.242954	0.0037358	0.236104	0.249554	1.65198  
1  	23    	0.244911	0.00348691	0.23709 	0.249554	2.41376  
2  	36    	0.244371	0.00494898	0.234246	0.257544	2.84746  
3  	35    	0.245016	0.00543425	0.235514	0.258204	2.94182  
4  	22    	0.250952	0.0173969 	0.236609	0.331063	2.80903  
5  	28    	0.261945	0.0309247 	0.231888	0.331063	2.8216   
6  	27    	0.264616	0.0361907 	0.22609 	0.331063	2.6357   
7  	34    	0.258696	0.0279023 	0.194716	0.331063	2.49349  
8  	33    	0.258916	0.024822  	0.227829	0.331063	2.59297  
9  	33    	0.259255	0.0275624 	0.224456	0.331063	2.75546  
10 	26    	0.268147	0.0304889 	0.227855	0.331063	2.70671  
11 	29    	0.26755 	0.0364274 	0.212603	0.331063	1.96608  
12 	32    	0.262361	0.0326573 	0.222545	0.331063	2.58706  
13 	35    	0.25597 	0.027573  	0.226659	0.331063	2.31474  
14 	34    	0.25431 	0.0271862 	0.21224 	0.331063	2.67012  

Best individual for Grover_4Q_With_Opt: {'SNOT': {'num_tslots': 1, 'evo_time': 0.23149745506959402}, 'X': {'num_tslots': 9, 'evo_time': 0.3462082996603645}, 'CNOT': {'num_tslots': 6, 'evo_time': 0.2835462075250543}}
Fidelity (best_individual): 0.2510